{"/home/mnt/huangchongjin/LazyMind/tests/frontend/setup.js": {"path":"/home/mnt/huangchongjin/LazyMind/tests/frontend/setup.js","all":false,"statementMap":{"0":{"start":{"line":1,"column":0},"end":{"line":1,"column":34}},"4":{"start":{"line":5,"column":0},"end":{"line":5,"column":58}},"5":{"start":{"line":6,"column":0},"end":{"line":6,"column":55}},"7":{"start":{"line":8,"column":0},"end":{"line":8,"column":45}},"8":{"start":{"line":9,"column":0},"end":{"line":9,"column":54}},"10":{"start":{"line":11,"column":0},"end":{"line":11,"column":56}},"11":{"start":{"line":12,"column":0},"end":{"line":12,"column":58}},"12":{"start":{"line":13,"column":0},"end":{"line":13,"column":69}},"13":{"start":{"line":14,"column":0},"end":{"line":14,"column":89}},"15":{"start":{"line":16,"column":0},"end":{"line":16,"column":37}},"16":{"start":{"line":17,"column":0},"end":{"line":17,"column":64}},"17":{"start":{"line":18,"column":0},"end":{"line":18,"column":22}},"18":{"start":{"line":19,"column":0},"end":{"line":19,"column":2}}},"s":{"0":1,"4":1,"5":1,"7":1,"8":1,"10":1,"11":1,"12":1,"13":1,"15":1,"16":1,"17":1,"18":1},"branchMap":{"0":{"type":"branch","line":8,"loc":{"start":{"line":8,"column":32},"end":{"line":9,"column":53}},"locations":[{"start":{"line":8,"column":32},"end":{"line":9,"column":53}}]},"1":{"type":"branch","line":18,"loc":{"start":{"line":18,"column":2},"end":{"line":18,"column":21}},"locations":[{"start":{"line":18,"column":2},"end":{"line":18,"column":21}}]}},"b":{"0":[4],"1":[32]},"fnMap":{"0":{"name":"readFrontendFile","decl":{"start":{"line":8,"column":32},"end":{"line":9,"column":53}},"loc":{"start":{"line":8,"column":32},"end":{"line":9,"column":53}},"line":8}},"f":{"0":4}}
}
